# JRE version: OpenJDK Runtime Environment Temurin-21.0.9+10 (21.0.9+10) (build 21.0.9+10-LTS)
# Java VM: OpenJDK 64-Bit Server VM Temurin-21.0.9+10 (21.0.9+10-LTS, mixed mode, sharing, tiered, compressed oops, compressed class ptrs, parallel gc, windows-amd64)
GC Precious Log:
 CardTable entry size: 512
 CPUs: 8 total, 8 available
 Memory: 16190M
 Large Page Support: Disabled
 NUMA Support: Disabled
 Compressed Oops: Enabled (32-bit)
 Alignments: Space 512K, Generation 512K, Heap 2M
 Heap Min Capacity: 100M
 Heap Initial Capacity: 100M
 Heap Max Capacity: 2G
 Pre-touch: Disabled
 Parallel Workers: 8
Heap:
 PSYoungGen      total 3072K, used 1476K [0x00000000d5580000, 0x00000000d5980000, 0x0000000100000000)
  eden space 2560K, 56% used [0x00000000d5580000,0x00000000d56e92d0,0x00000000d5800000)
  from space 512K, 6% used [0x00000000d5880000,0x00000000d5888000,0x00000000d5900000)
  to   space 512K, 0% used [0x00000000d5900000,0x00000000d5900000,0x00000000d5980000)
 ParOldGen       total 422400K, used 267230K [0x0000000080000000, 0x0000000099c80000, 0x00000000d5580000)
  object space 422400K, 63% used [0x0000000080000000,0x00000000904f7970,0x0000000099c80000)
 Metaspace       used 84644K, committed 86144K, reserved 1179648K
  class space    used 8675K, committed 9344K, reserved 1048576K
GC Heap History (20 events):
Event: 84591.405 GC heap before
{Heap before GC invocations=1084 (full 5):
 PSYoungGen      total 3072K, used 2816K [0x00000000d5580000, 0x00000000d5980000, 0x0000000100000000)
  eden space 2560K, 100% used [0x00000000d5580000,0x00000000d5800000,0x00000000d5800000)
  from space 512K, 50% used [0x00000000d5880000,0x00000000d58c0000,0x00000000d5900000)
  to   space 512K, 0% used [0x00000000d5900000,0x00000000d5900000,0x00000000d5980000)
 ParOldGen       total 422400K, used 267014K [0x0000000080000000, 0x0000000099c80000, 0x00000000d5580000)
  object space 422400K, 63% used [0x0000000080000000,0x00000000904c1960,0x0000000099c80000)
 Metaspace       used 84643K, committed 86144K, reserved 1179648K
  class space    used 8675K, committed 9344K, reserved 1048576K
}
Event: 84591.406 GC heap after
{Heap after GC invocations=1084 (full 5):
 PSYoungGen      total 3072K, used 224K [0x00000000d5580000, 0x00000000d5980000, 0x0000000100000000)
  eden space 2560K, 0% used [0x00000000d5580000,0x00000000d5580000,0x00000000d5800000)
  from space 512K, 43% used [0x00000000d5900000,0x00000000d5938000,0x00000000d5980000)
  to   space 512K, 0% used [0x00000000d5880000,0x00000000d5880000,0x00000000d5900000)
 ParOldGen       total 422400K, used 267094K [0x0000000080000000, 0x0000000099c80000, 0x00000000d5580000)
  object space 422400K, 63% used [0x0000000080000000,0x00000000904d5960,0x0000000099c80000)
 Metaspace       used 84643K, committed 86144K, reserved 1179648K
  class space    used 8675K, committed 9344K, reserved 1048576K
}
Event: 89876.870 GC heap before
{Heap before GC invocations=1085 (full 5):
 PSYoungGen      total 3072K, used 2784K [0x00000000d5580000, 0x00000000d5980000, 0x0000000100000000)
  eden space 2560K, 100% used [0x00000000d5580000,0x00000000d5800000,0x00000000d5800000)
  from space 512K, 43% used [0x00000000d5900000,0x00000000d5938000,0x00000000d5980000)
  to   space 512K, 0% used [0x00000000d5880000,0x00000000d5880000,0x00000000d5900000)
 ParOldGen       total 422400K, used 267094K [0x0000000080000000, 0x0000000099c80000, 0x00000000d5580000)
  object space 422400K, 63% used [0x0000000080000000,0x00000000904d5960,0x0000000099c80000)
 Metaspace       used 84643K, committed 86144K, reserved 1179648K
  class space    used 8675K, committed 9344K, reserved 1048576K
}
Event: 89876.904 GC heap after
{Heap after GC invocations=1085 (full 5):
 PSYoungGen      total 3072K, used 160K [0x00000000d5580000, 0x00000000d5980000, 0x0000000100000000)
  eden space 2560K, 0% used [0x00000000d5580000,0x00000000d5580000,0x00000000d5800000)
  from space 512K, 31% used [0x00000000d5880000,0x00000000d58a8000,0x00000000d5900000)
  to   space 512K, 0% used [0x00000000d5900000,0x00000000d5900000,0x00000000d5980000)
 ParOldGen       total 422400K, used 267142K [0x0000000080000000, 0x0000000099c80000, 0x00000000d5580000)
  object space 422400K, 63% used [0x0000000080000000,0x00000000904e1970,0x0000000099c80000)
 Metaspace       used 84643K, committed 86144K, reserved 1179648K
  class space    used 8675K, committed 9344K, reserved 1048576K
}
Event: 96478.626 GC heap before
{Heap before GC invocations=1086 (full 5):
 PSYoungGen      total 3072K, used 2720K [0x00000000d5580000, 0x00000000d5980000, 0x0000000100000000)
  eden space 2560K, 100% used [0x00000000d5580000,0x00000000d5800000,0x00000000d5800000)
  from space 512K, 31% used [0x00000000d5880000,0x00000000d58a8000,0x00000000d5900000)
  to   space 512K, 0% used [0x00000000d5900000,0x00000000d5900000,0x00000000d5980000)
 ParOldGen       total 422400K, used 267142K [0x0000000080000000, 0x0000000099c80000, 0x00000000d5580000)
  object space 422400K, 63% used [0x0000000080000000,0x00000000904e1970,0x0000000099c80000)
 Metaspace       used 84644K, committed 86144K, reserved 1179648K
  class space    used 8675K, committed 9344K, reserved 1048576K
}
Event: 96478.684 GC heap after
{Heap after GC invocations=1086 (full 5):
 PSYoungGen      total 3072K, used 192K [0x00000000d5580000, 0x00000000d5980000, 0x0000000100000000)
  eden space 2560K, 0% used [0x00000000d5580000,0x00000000d5580000,0x00000000d5800000)
  from space 512K, 37% used [0x00000000d5900000,0x00000000d5930000,0x00000000d5980000)
  to   space 512K, 0% used [0x00000000d5880000,0x00000000d5880000,0x00000000d5900000)
 ParOldGen       total 422400K, used 267142K [0x0000000080000000, 0x0000000099c80000, 0x00000000d5580000)
  object space 422400K, 63% used [0x0000000080000000,0x00000000904e1970,0x0000000099c80000)
 Metaspace       used 84644K, committed 86144K, reserved 1179648K
  class space    used 8675K, committed 9344K, reserved 1048576K
}
Event: 107589.282 GC heap before
{Heap before GC invocations=1087 (full 5):
 PSYoungGen      total 3072K, used 2752K [0x00000000d5580000, 0x00000000d5980000, 0x0000000100000000)
  eden space 2560K, 100% used [0x00000000d5580000,0x00000000d5800000,0x00000000d5800000)
  from space 512K, 37% used [0x00000000d5900000,0x00000000d5930000,0x00000000d5980000)
  to   space 512K, 0% used [0x00000000d5880000,0x00000000d5880000,0x00000000d5900000)
 ParOldGen       total 422400K, used 267142K [0x0000000080000000, 0x0000000099c80000, 0x00000000d5580000)
  object space 422400K, 63% used [0x0000000080000000,0x00000000904e1970,0x0000000099c80000)
 Metaspace       used 84644K, committed 86144K, reserved 1179648K
  class space    used 8675K, committed 9344K, reserved 1048576K
}
Event: 107589.286 GC heap after
{Heap after GC invocations=1087 (full 5):
 PSYoungGen      total 3072K, used 128K [0x00000000d5580000, 0x00000000d5980000, 0x0000000100000000)
  eden space 2560K, 0% used [0x00000000d5580000,0x00000000d5580000,0x00000000d5800000)
  from space 512K, 25% used [0x00000000d5880000,0x00000000d58a0000,0x00000000d5900000)
  to   space 512K, 0% used [0x00000000d5900000,0x00000000d5900000,0x00000000d5980000)
 ParOldGen       total 422400K, used 267166K [0x0000000080000000, 0x0000000099c80000, 0x00000000d5580000)
  object space 422400K, 63% used [0x0000000080000000,0x00000000904e7970,0x0000000099c80000)
 Metaspace       used 84644K, committed 86144K, reserved 1179648K
  class space    used 8675K, committed 9344K, reserved 1048576K
}
Event: 154659.727 GC heap before
{Heap before GC invocations=1088 (full 5):
 PSYoungGen      total 3072K, used 2688K [0x00000000d5580000, 0x00000000d5980000, 0x0000000100000000)
  eden space 2560K, 100% used [0x00000000d5580000,0x00000000d5800000,0x00000000d5800000)
  from space 512K, 25% used [0x00000000d5880000,0x00000000d58a0000,0x00000000d5900000)
  to   space 512K, 0% used [0x00000000d5900000,0x00000000d5900000,0x00000000d5980000)
 ParOldGen       total 422400K, used 267166K [0x0000000080000000, 0x0000000099c80000, 0x00000000d5580000)
  object space 422400K, 63% used [0x0000000080000000,0x00000000904e7970,0x0000000099c80000)
 Metaspace       used 84644K, committed 86144K, reserved 1179648K
  class space    used 8675K, committed 9344K, reserved 1048576K
}
Event: 154659.729 GC heap after
{Heap after GC invocations=1088 (full 5):
 PSYoungGen      total 3072K, used 32K [0x00000000d5580000, 0x00000000d5980000, 0x0000000100000000)
  eden space 2560K, 0% used [0x00000000d5580000,0x00000000d5580000,0x00000000d5800000)
  from space 512K, 6% used [0x00000000d5900000,0x00000000d5908000,0x00000000d5980000)
  to   space 512K, 0% used [0x00000000d5880000,0x00000000d5880000,0x00000000d5900000)
 ParOldGen       total 422400K, used 267206K [0x0000000080000000, 0x0000000099c80000, 0x00000000d5580000)
  object space 422400K, 63% used [0x0000000080000000,0x00000000904f1970,0x0000000099c80000)
 Metaspace       used 84644K, committed 86144K, reserved 1179648K
  class space    used 8675K, committed 9344K, reserved 1048576K
}
Event: 154659.948 GC heap before
{Heap before GC invocations=1089 (full 5):
 PSYoungGen      total 3072K, used 2592K [0x00000000d5580000, 0x00000000d5980000, 0x0000000100000000)
  eden space 2560K, 100% used [0x00000000d5580000,0x00000000d5800000,0x00000000d5800000)
  from space 512K, 6% used [0x00000000d5900000,0x00000000d5908000,0x00000000d5980000)
  to   space 512K, 0% used [0x00000000d5880000,0x00000000d5880000,0x00000000d5900000)
 ParOldGen       total 422400K, used 267206K [0x0000000080000000, 0x0000000099c80000, 0x00000000d5580000)
  object space 422400K, 63% used [0x0000000080000000,0x00000000904f1970,0x0000000099c80000)
 Metaspace       used 84644K, committed 86144K, reserved 1179648K
  class space    used 8675K, committed 9344K, reserved 1048576K
}
Event: 154659.950 GC heap after
{Heap after GC invocations=1089 (full 5):
 PSYoungGen      total 3072K, used 32K [0x00000000d5580000, 0x00000000d5980000, 0x0000000100000000)
  eden space 2560K, 0% used [0x00000000d5580000,0x00000000d5580000,0x00000000d5800000)
  from space 512K, 6% used [0x00000000d5880000,0x00000000d5888000,0x00000000d5900000)
  to   space 512K, 0% used [0x00000000d5900000,0x00000000d5900000,0x00000000d5980000)
 ParOldGen       total 422400K, used 267230K [0x0000000080000000, 0x0000000099c80000, 0x00000000d5580000)
  object space 422400K, 63% used [0x0000000080000000,0x00000000904f7970,0x0000000099c80000)
 Metaspace       used 84644K, committed 86144K, reserved 1179648K
  class space    used 8675K, committed 9344K, reserved 1048576K
}
Event: 154660.176 GC heap before
{Heap before GC invocations=1090 (full 5):
 PSYoungGen      total 3072K, used 2592K [0x00000000d5580000, 0x00000000d5980000, 0x0000000100000000)
  eden space 2560K, 100% used [0x00000000d5580000,0x00000000d5800000,0x00000000d5800000)
  from space 512K, 6% used [0x00000000d5880000,0x00000000d5888000,0x00000000d5900000)
  to   space 512K, 0% used [0x00000000d5900000,0x00000000d5900000,0x00000000d5980000)
 ParOldGen       total 422400K, used 267230K [0x0000000080000000, 0x0000000099c80000, 0x00000000d5580000)
  object space 422400K, 63% used [0x0000000080000000,0x00000000904f7970,0x0000000099c80000)
 Metaspace       used 84644K, committed 86144K, reserved 1179648K
  class space    used 8675K, committed 9344K, reserved 1048576K
}
Event: 154660.179 GC heap after
{Heap after GC invocations=1090 (full 5):
 PSYoungGen      total 3072K, used 32K [0x00000000d5580000, 0x00000000d5980000, 0x0000000100000000)
  eden space 2560K, 0% used [0x00000000d5580000,0x00000000d5580000,0x00000000d5800000)
  from space 512K, 6% used [0x00000000d5900000,0x00000000d5908000,0x00000000d5980000)
  to   space 512K, 0% used [0x00000000d5880000,0x00000000d5880000,0x00000000d5900000)
 ParOldGen       total 422400K, used 267230K [0x0000000080000000, 0x0000000099c80000, 0x00000000d5580000)
  object space 422400K, 63% used [0x0000000080000000,0x00000000904f7970,0x0000000099c80000)
 Metaspace       used 84644K, committed 86144K, reserved 1179648K
  class space    used 8675K, committed 9344K, reserved 1048576K
}
Event: 154660.295 GC heap before
{Heap before GC invocations=1091 (full 5):
 PSYoungGen      total 3072K, used 2592K [0x00000000d5580000, 0x00000000d5980000, 0x0000000100000000)
  eden space 2560K, 100% used [0x00000000d5580000,0x00000000d5800000,0x00000000d5800000)
  from space 512K, 6% used [0x00000000d5900000,0x00000000d5908000,0x00000000d5980000)
  to   space 512K, 0% used [0x00000000d5880000,0x00000000d5880000,0x00000000d5900000)
 ParOldGen       total 422400K, used 267230K [0x0000000080000000, 0x0000000099c80000, 0x00000000d5580000)
  object space 422400K, 63% used [0x0000000080000000,0x00000000904f7970,0x0000000099c80000)
 Metaspace       used 84644K, committed 86144K, reserved 1179648K
  class space    used 8675K, committed 9344K, reserved 1048576K
}
Event: 154660.297 GC heap after
{Heap after GC invocations=1091 (full 5):
 PSYoungGen      total 3072K, used 32K [0x00000000d5580000, 0x00000000d5980000, 0x0000000100000000)
  eden space 2560K, 0% used [0x00000000d5580000,0x00000000d5580000,0x00000000d5800000)
  from space 512K, 6% used [0x00000000d5880000,0x00000000d5888000,0x00000000d5900000)
  to   space 512K, 0% used [0x00000000d5900000,0x00000000d5900000,0x00000000d5980000)
 ParOldGen       total 422400K, used 267230K [0x0000000080000000, 0x0000000099c80000, 0x00000000d5580000)
  object space 422400K, 63% used [0x0000000080000000,0x00000000904f7970,0x0000000099c80000)
 Metaspace       used 84644K, committed 86144K, reserved 1179648K
  class space    used 8675K, committed 9344K, reserved 1048576K
}
Event: 154660.474 GC heap before
{Heap before GC invocations=1092 (full 5):
 PSYoungGen      total 3072K, used 2592K [0x00000000d5580000, 0x00000000d5980000, 0x0000000100000000)
  eden space 2560K, 100% used [0x00000000d5580000,0x00000000d5800000,0x00000000d5800000)
  from space 512K, 6% used [0x00000000d5880000,0x00000000d5888000,0x00000000d5900000)
  to   space 512K, 0% used [0x00000000d5900000,0x00000000d5900000,0x00000000d5980000)
 ParOldGen       total 422400K, used 267230K [0x0000000080000000, 0x0000000099c80000, 0x00000000d5580000)
  object space 422400K, 63% used [0x0000000080000000,0x00000000904f7970,0x0000000099c80000)
 Metaspace       used 84644K, committed 86144K, reserved 1179648K
  class space    used 8675K, committed 9344K, reserved 1048576K
}
Event: 154660.476 GC heap after
{Heap after GC invocations=1092 (full 5):
 PSYoungGen      total 3072K, used 32K [0x00000000d5580000, 0x00000000d5980000, 0x0000000100000000)
  eden space 2560K, 0% used [0x00000000d5580000,0x00000000d5580000,0x00000000d5800000)
  from space 512K, 6% used [0x00000000d5900000,0x00000000d5908000,0x00000000d5980000)
  to   space 512K, 0% used [0x00000000d5880000,0x00000000d5880000,0x00000000d5900000)
 ParOldGen       total 422400K, used 267230K [0x0000000080000000, 0x0000000099c80000, 0x00000000d5580000)
  object space 422400K, 63% used [0x0000000080000000,0x00000000904f7970,0x0000000099c80000)
 Metaspace       used 84644K, committed 86144K, reserved 1179648K
  class space    used 8675K, committed 9344K, reserved 1048576K
}
Event: 154660.554 GC heap before
{Heap before GC invocations=1093 (full 5):
 PSYoungGen      total 3072K, used 2592K [0x00000000d5580000, 0x00000000d5980000, 0x0000000100000000)
  eden space 2560K, 100% used [0x00000000d5580000,0x00000000d5800000,0x00000000d5800000)
  from space 512K, 6% used [0x00000000d5900000,0x00000000d5908000,0x00000000d5980000)
  to   space 512K, 0% used [0x00000000d5880000,0x00000000d5880000,0x00000000d5900000)
 ParOldGen       total 422400K, used 267230K [0x0000000080000000, 0x0000000099c80000, 0x00000000d5580000)
  object space 422400K, 63% used [0x0000000080000000,0x00000000904f7970,0x0000000099c80000)
 Metaspace       used 84644K, committed 86144K, reserved 1179648K
  class space    used 8675K, committed 9344K, reserved 1048576K
}
Event: 154660.556 GC heap after
{Heap after GC invocations=1093 (full 5):
 PSYoungGen      total 3072K, used 32K [0x00000000d5580000, 0x00000000d5980000, 0x0000000100000000)
  eden space 2560K, 0% used [0x00000000d5580000,0x00000000d5580000,0x00000000d5800000)
  from space 512K, 6% used [0x00000000d5880000,0x00000000d5888000,0x00000000d5900000)
  to   space 512K, 0% used [0x00000000d5900000,0x00000000d5900000,0x00000000d5980000)
 ParOldGen       total 422400K, used 267230K [0x0000000080000000, 0x0000000099c80000, 0x00000000d5580000)
  object space 422400K, 63% used [0x0000000080000000,0x00000000904f7970,0x0000000099c80000)
 Metaspace       used 84644K, committed 86144K, reserved 1179648K
  class space    used 8675K, committed 9344K, reserved 1048576K
}

